<?xml version="1.0" encoding="UTF-8"?>
<!-- Generated by org.testng.reporters.JUnitXMLReporter -->
<testsuite hostname="DESKTOP-TOPJJ38" ignored="1" name="Default test" tests="3" failures="0" timestamp="2020-04-07T21:21:44 PDT" time="0.083" errors="0">
  <testcase name="makePayment1" time="0.017" classname="TestNgFiles.AnnotationPriority"/>
  <testcase name="openBrowser" time="0.002" classname="TestNgFiles.AnnotationPriority"/>
  <testcase name="bookFlight" time="0.002" classname="TestNgFiles.AnnotationPriority"/>
  <testcase name="makePayment" time="0.0" classname="TestNgFiles.AnnotationPriority">
    <ignored/>
  </testcase> <!-- makePayment -->
</testsuite> <!-- Default test -->
