<?xml version="1.0" encoding="UTF-8"?>
<testng-results skipped="0" failed="0" ignored="1" total="4" passed="3">
  <reporter-output>
  </reporter-output>
  <suite name="Default suite" duration-ms="83" started-at="2020-04-07T21:21:44 PDT" finished-at="2020-04-07T21:21:44 PDT">
    <groups>
    </groups>
    <test name="Default test" duration-ms="83" started-at="2020-04-07T21:21:44 PDT" finished-at="2020-04-07T21:21:44 PDT">
      <class name="TestNgFiles.AnnotationPriority">
        <test-method status="PASS" signature="makePayment1()[pri:0, instance:TestNgFiles.AnnotationPriority@5b87ed94]" name="makePayment1" duration-ms="17" started-at="2020-04-07T21:21:44 PDT" finished-at="2020-04-07T21:21:44 PDT">
          <reporter-output>
          </reporter-output>
        </test-method> <!-- makePayment1 -->
        <test-method status="PASS" signature="openBrowser()[pri:0, instance:TestNgFiles.AnnotationPriority@5b87ed94]" name="openBrowser" duration-ms="2" started-at="2020-04-07T21:21:44 PDT" finished-at="2020-04-07T21:21:44 PDT">
          <reporter-output>
          </reporter-output>
        </test-method> <!-- openBrowser -->
        <test-method status="PASS" signature="bookFlight()[pri:0, instance:TestNgFiles.AnnotationPriority@5b87ed94]" name="bookFlight" duration-ms="2" started-at="2020-04-07T21:21:44 PDT" depends-on-methods="TestNgFiles.AnnotationPriority.openBrowser" finished-at="2020-04-07T21:21:44 PDT">
          <reporter-output>
          </reporter-output>
        </test-method> <!-- bookFlight -->
      </class> <!-- TestNgFiles.AnnotationPriority -->
    </test> <!-- Default test -->
  </suite> <!-- Default suite -->
</testng-results>
